<?xml version="1.0" encoding="UTF-8"?>
<testng-results total="1" passed="1" failed="0" skipped="0">
  <reporter-output>
  </reporter-output>
  <suite started-at="2024-07-27T12:29:22Z" name="Suite" finished-at="2024-07-27T12:29:23Z" duration-ms="1220">
    <groups>
    </groups>
    <test started-at="2024-07-27T12:29:22Z" name="Test" finished-at="2024-07-27T12:29:23Z" duration-ms="1220">
      <class name="com.sddevops.CakeOrderSys.NewTest">
        <test-method is-config="true" signature="beforeTest()[pri:0, instance:com.sddevops.CakeOrderSys.NewTest@46dffdc3]" started-at="2024-07-27T20:29:22Z" name="beforeTest" finished-at="2024-07-27T20:29:23Z" duration-ms="948" status="PASS">
          <reporter-output>
          </reporter-output>
        </test-method> <!-- beforeTest -->
        <test-method signature="testTitle()[pri:0, instance:com.sddevops.CakeOrderSys.NewTest@46dffdc3]" started-at="2024-07-27T20:29:23Z" name="testTitle" finished-at="2024-07-27T20:29:23Z" duration-ms="261" status="PASS">
          <reporter-output>
          </reporter-output>
        </test-method> <!-- testTitle -->
        <test-method is-config="true" signature="afterTest()[pri:0, instance:com.sddevops.CakeOrderSys.NewTest@46dffdc3]" started-at="2024-07-27T20:29:23Z" name="afterTest" finished-at="2024-07-27T20:29:23Z" duration-ms="0" status="PASS">
          <reporter-output>
          </reporter-output>
        </test-method> <!-- afterTest -->
      </class> <!-- com.sddevops.CakeOrderSys.NewTest -->
    </test> <!-- Test -->
  </suite> <!-- Suite -->
</testng-results>
